<?xml version="1.0" encoding="UTF-8"?>
<!-- Generated by org.testng.reporters.JUnitXMLReporter -->
<testsuite ignored="0" hostname="Ghost" failures="3" tests="6" name="End To End Regression" time="12.842" errors="0" timestamp="2026-05-09T13:22:34 IST">
  <testcase classname="Tests.FunctionalTests" name="testAPI" time="4.605"/>
  <testcase classname="Tests.FunctionalTests" name="testLogin" time="0.91">
    <failure type="java.lang.AssertionError" message="expected [true] but found [false]">
      <![CDATA[java.lang.AssertionError: expected [true] but found [false]
at Tests.FunctionalTests.testLogin(FunctionalTests.java:43)
at java.base/java.util.ArrayList.forEach(ArrayList.java:1511)
at Tests.FunctionalTests.main(FunctionalTests.java:108)
... Removed 28 stack frames]]>
    </failure>
  </testcase> <!-- testLogin -->
  <testcase classname="Tests.FunctionalTests" name="testSearch" time="1.084"/>
  <testcase classname="Tests.FunctionalTests" name="testCartFailure" time="0.08">
    <failure type="java.lang.AssertionError" message="Count Mismatch! expected [true] but found [false]">
      <![CDATA[java.lang.AssertionError: Count Mismatch! expected [true] but found [false]
at Tests.FunctionalTests.testCartFailure(FunctionalTests.java:59)
at java.base/java.util.ArrayList.forEach(ArrayList.java:1511)
at Tests.FunctionalTests.main(FunctionalTests.java:108)
... Removed 27 stack frames]]>
    </failure>
  </testcase> <!-- testCartFailure -->
  <testcase classname="Tests.FunctionalTests" name="testCurrency" time="0.788"/>
  <testcase classname="Tests.FunctionalTests" name="testCheckout" time="0.609">
    <failure type="java.lang.AssertionError" message="expected [true] but found [false]">
      <![CDATA[java.lang.AssertionError: expected [true] but found [false]
at Tests.FunctionalTests.testCheckout(FunctionalTests.java:75)
at java.base/java.util.ArrayList.forEach(ArrayList.java:1511)
at Tests.FunctionalTests.main(FunctionalTests.java:108)
... Removed 28 stack frames]]>
    </failure>
  </testcase> <!-- testCheckout -->
</testsuite> <!-- End To End Regression -->
